<?xml version="1.0" encoding="UTF-8"?>
<!-- Generated by org.testng.reporters.JUnitReportReporter -->
<testsuite hostname="admin-PC" name="cases.FortunecustomerText" tests="1" failures="0" timestamp="26 Jun 2014 06:11:20 GMT" time="4.789" errors="0">
  <testcase name="InputRightPwdTest" time="4.789" classname="cases.FortunecustomerText"/>
</testsuite> <!-- cases.FortunecustomerText -->
