<?xml version="1.0" encoding="UTF-8"?>
<!-- Generated by org.testng.reporters.JUnitReportReporter -->
<testsuite hostname="admin-PC" name="cases.FortuneTest" tests="1" failures="0" timestamp="25 Jun 2014 10:26:56 GMT" time="6.337" errors="0">
  <testcase name="test_demo1" time="6.337" classname="cases.FortuneTest"/>
</testsuite> <!-- cases.FortuneTest -->
