<?xml version="1.0" encoding="UTF-8"?>
<!-- Generated by org.testng.reporters.JUnitReportReporter -->
<testsuite hostname="admin-PC" name="cases.ForCustomerTest" tests="1" failures="0" timestamp="27 Jun 2014 08:46:57 GMT" time="30.079" errors="0">
  <testcase name="test_demo2" time="30.079" classname="cases.ForCustomerTest"/>
</testsuite> <!-- cases.ForCustomerTest -->
