<?xml version="1.0" encoding="UTF-8"?>
<!-- Generated by org.testng.reporters.JUnitReportReporter -->
<testsuite hostname="admin-PC" name="cases.FortuneloginText" tests="1" failures="0" timestamp="25 Jun 2014 12:41:26 GMT" time="6.423" errors="0">
  <testcase name="InputRightPwdTest" time="6.423" classname="cases.FortuneloginText"/>
</testsuite> <!-- cases.FortuneloginText -->
